# JRE version: OpenJDK Runtime Environment (8.0_202-b03) (build 1.8.0_202-release-1483-b03)
# Java VM: OpenJDK 64-Bit Server VM (25.202-b03 mixed mode windows-amd64 compressed oops)
Heap:
 PSYoungGen      total 247808K, used 110883K [0x00000000e0000000, 0x00000000f0d80000, 0x0000000100000000)
  eden space 226816K, 48% used [0x00000000e0000000,0x00000000e6c48f10,0x00000000edd80000)
  from space 20992K, 0% used [0x00000000ef900000,0x00000000ef900000,0x00000000f0d80000)
  to   space 24576K, 0% used [0x00000000edd80000,0x00000000edd80000,0x00000000ef580000)
 ParOldGen       total 134656K, used 51340K [0x00000000a0000000, 0x00000000a8380000, 0x00000000e0000000)
  object space 134656K, 38% used [0x00000000a0000000,0x00000000a32230f0,0x00000000a8380000)
 Metaspace       used 94685K, capacity 99117K, committed 100480K, reserved 1136640K
  class space    used 12241K, capacity 13075K, committed 13440K, reserved 1048576K
GC Heap History (10 events):
Event: 212.645 GC heap before
{Heap before GC invocations=18 (full 3):
 PSYoungGen      total 210432K, used 210431K [0x00000000e0000000, 0x00000000ee800000, 0x0000000100000000)
  eden space 190464K, 100% used [0x00000000e0000000,0x00000000eba00000,0x00000000eba00000)
  from space 19968K, 99% used [0x00000000ed300000,0x00000000ee67fe68,0x00000000ee680000)
  to   space 23552K, 0% used [0x00000000eba00000,0x00000000eba00000,0x00000000ed100000)
 ParOldGen       total 134656K, used 31398K [0x00000000a0000000, 0x00000000a8380000, 0x00000000e0000000)
  object space 134656K, 23% used [0x00000000a0000000,0x00000000a1ea9b70,0x00000000a8380000)
 Metaspace       used 76552K, capacity 79695K, committed 80000K, reserved 1118208K
  class space    used 9946K, capacity 10567K, committed 10624K, reserved 1048576K
Event: 212.752 GC heap after
Heap after GC invocations=18 (full 3):
 PSYoungGen      total 214016K, used 7737K [0x00000000e0000000, 0x00000000f0f80000, 0x0000000100000000)
  eden space 190464K, 0% used [0x00000000e0000000,0x00000000e0000000,0x00000000eba00000)
  from space 23552K, 32% used [0x00000000eba00000,0x00000000ec18e430,0x00000000ed100000)
  to   space 23040K, 0% used [0x00000000ef900000,0x00000000ef900000,0x00000000f0f80000)
 ParOldGen       total 134656K, used 48529K [0x00000000a0000000, 0x00000000a8380000, 0x00000000e0000000)
  object space 134656K, 36% used [0x00000000a0000000,0x00000000a2f64600,0x00000000a8380000)
 Metaspace       used 76552K, capacity 79695K, committed 80000K, reserved 1118208K
  class space    used 9946K, capacity 10567K, committed 10624K, reserved 1048576K
}
Event: 216.801 GC heap before
{Heap before GC invocations=19 (full 3):
 PSYoungGen      total 214016K, used 198201K [0x00000000e0000000, 0x00000000f0f80000, 0x0000000100000000)
  eden space 190464K, 100% used [0x00000000e0000000,0x00000000eba00000,0x00000000eba00000)
  from space 23552K, 32% used [0x00000000eba00000,0x00000000ec18e430,0x00000000ed100000)
  to   space 23040K, 0% used [0x00000000ef900000,0x00000000ef900000,0x00000000f0f80000)
 ParOldGen       total 134656K, used 48529K [0x00000000a0000000, 0x00000000a8380000, 0x00000000e0000000)
  object space 134656K, 36% used [0x00000000a0000000,0x00000000a2f64600,0x00000000a8380000)
 Metaspace       used 84961K, capacity 88573K, committed 88832K, reserved 1126400K
  class space    used 10975K, capacity 11688K, committed 11776K, reserved 1048576K
Event: 216.826 GC heap after
Heap after GC invocations=19 (full 3):
 PSYoungGen      total 247808K, used 18165K [0x00000000e0000000, 0x00000000f0d80000, 0x0000000100000000)
  eden space 226816K, 0% used [0x00000000e0000000,0x00000000e0000000,0x00000000edd80000)
  from space 20992K, 86% used [0x00000000ef900000,0x00000000f0abd718,0x00000000f0d80000)
  to   space 24576K, 0% used [0x00000000edd80000,0x00000000edd80000,0x00000000ef580000)
 ParOldGen       total 134656K, used 48537K [0x00000000a0000000, 0x00000000a8380000, 0x00000000e0000000)
  object space 134656K, 36% used [0x00000000a0000000,0x00000000a2f66600,0x00000000a8380000)
 Metaspace       used 84961K, capacity 88573K, committed 88832K, reserved 1126400K
  class space    used 10975K, capacity 11688K, committed 11776K, reserved 1048576K
}
Event: 218.962 GC heap before
{Heap before GC invocations=20 (full 3):
 PSYoungGen      total 247808K, used 244699K [0x00000000e0000000, 0x00000000f0d80000, 0x0000000100000000)
  eden space 226816K, 99% used [0x00000000e0000000,0x00000000edd395b8,0x00000000edd80000)
  from space 20992K, 86% used [0x00000000ef900000,0x00000000f0abd718,0x00000000f0d80000)
  to   space 24576K, 0% used [0x00000000edd80000,0x00000000edd80000,0x00000000ef580000)
 ParOldGen       total 134656K, used 48537K [0x00000000a0000000, 0x00000000a8380000, 0x00000000e0000000)
  object space 134656K, 36% used [0x00000000a0000000,0x00000000a2f66600,0x00000000a8380000)
 Metaspace       used 92420K, capacity 97269K, committed 97536K, reserved 1134592K
  class space    used 12093K, capacity 12996K, committed 13056K, reserved 1048576K
Event: 219.041 GC heap after
Heap after GC invocations=20 (full 3):
 PSYoungGen      total 251392K, used 18954K [0x00000000e0000000, 0x00000000f0d80000, 0x0000000100000000)
  eden space 226816K, 0% used [0x00000000e0000000,0x00000000e0000000,0x00000000edd80000)
  from space 24576K, 77% used [0x00000000edd80000,0x00000000ef0029a0,0x00000000ef580000)
  to   space 20992K, 0% used [0x00000000ef900000,0x00000000ef900000,0x00000000f0d80000)
 ParOldGen       total 134656K, used 48545K [0x00000000a0000000, 0x00000000a8380000, 0x00000000e0000000)
  object space 134656K, 36% used [0x00000000a0000000,0x00000000a2f68600,0x00000000a8380000)
 Metaspace       used 92420K, capacity 97269K, committed 97536K, reserved 1134592K
  class space    used 12093K, capacity 12996K, committed 13056K, reserved 1048576K
}
Event: 222.659 GC heap before
{Heap before GC invocations=21 (full 3):
 PSYoungGen      total 251392K, used 214322K [0x00000000e0000000, 0x00000000f0d80000, 0x0000000100000000)
  eden space 226816K, 86% used [0x00000000e0000000,0x00000000ebec9f28,0x00000000edd80000)
  from space 24576K, 77% used [0x00000000edd80000,0x00000000ef0029a0,0x00000000ef580000)
  to   space 20992K, 0% used [0x00000000ef900000,0x00000000ef900000,0x00000000f0d80000)
 ParOldGen       total 134656K, used 48545K [0x00000000a0000000, 0x00000000a8380000, 0x00000000e0000000)
  object space 134656K, 36% used [0x00000000a0000000,0x00000000a2f68600,0x00000000a8380000)
 Metaspace       used 93502K, capacity 98447K, committed 98560K, reserved 1134592K
  class space    used 12202K, capacity 13111K, committed 13184K, reserved 1048576K
Event: 222.683 GC heap after
Heap after GC invocations=21 (full 3):
 PSYoungGen      total 247808K, used 11441K [0x00000000e0000000, 0x00000000f0d80000, 0x0000000100000000)
  eden space 226816K, 0% used [0x00000000e0000000,0x00000000e0000000,0x00000000edd80000)
  from space 20992K, 54% used [0x00000000ef900000,0x00000000f042c778,0x00000000f0d80000)
  to   space 24576K, 0% used [0x00000000edd80000,0x00000000edd80000,0x00000000ef580000)
 ParOldGen       total 134656K, used 48553K [0x00000000a0000000, 0x00000000a8380000, 0x00000000e0000000)
  object space 134656K, 36% used [0x00000000a0000000,0x00000000a2f6a600,0x00000000a8380000)
 Metaspace       used 93502K, capacity 98447K, committed 98560K, reserved 1134592K
  class space    used 12202K, capacity 13111K, committed 13184K, reserved 1048576K
}
Event: 222.683 GC heap before
{Heap before GC invocations=22 (full 4):
 PSYoungGen      total 247808K, used 11441K [0x00000000e0000000, 0x00000000f0d80000, 0x0000000100000000)
  eden space 226816K, 0% used [0x00000000e0000000,0x00000000e0000000,0x00000000edd80000)
  from space 20992K, 54% used [0x00000000ef900000,0x00000000f042c778,0x00000000f0d80000)
  to   space 24576K, 0% used [0x00000000edd80000,0x00000000edd80000,0x00000000ef580000)
 ParOldGen       total 134656K, used 48553K [0x00000000a0000000, 0x00000000a8380000, 0x00000000e0000000)
  object space 134656K, 36% used [0x00000000a0000000,0x00000000a2f6a600,0x00000000a8380000)
 Metaspace       used 93502K, capacity 98447K, committed 98560K, reserved 1134592K
  class space    used 12202K, capacity 13111K, committed 13184K, reserved 1048576K
Event: 223.217 GC heap after
Heap after GC invocations=22 (full 4):
 PSYoungGen      total 247808K, used 0K [0x00000000e0000000, 0x00000000f0d80000, 0x0000000100000000)
  eden space 226816K, 0% used [0x00000000e0000000,0x00000000e0000000,0x00000000edd80000)
  from space 20992K, 0% used [0x00000000ef900000,0x00000000ef900000,0x00000000f0d80000)
  to   space 24576K, 0% used [0x00000000edd80000,0x00000000edd80000,0x00000000ef580000)
 ParOldGen       total 134656K, used 51340K [0x00000000a0000000, 0x00000000a8380000, 0x00000000e0000000)
  object space 134656K, 38% used [0x00000000a0000000,0x00000000a32230f0,0x00000000a8380000)
 Metaspace       used 92900K, capacity 96779K, committed 98560K, reserved 1134592K
  class space    used 12006K, capacity 12773K, committed 13184K, reserved 1048576K
}

