# JRE version: OpenJDK Runtime Environment (8.0_202-b03) (build 1.8.0_202-release-1483-b03)
# Java VM: OpenJDK 64-Bit Server VM (25.202-b03 mixed mode windows-amd64 compressed oops)
Heap:
 PSYoungGen      total 217600K, used 196215K [0x00000000e0000000, 0x00000000eee80000, 0x0000000100000000)
  eden space 202240K, 89% used [0x00000000e0000000,0x00000000eb18e810,0x00000000ec580000)
  from space 15360K, 93% used [0x00000000edf80000,0x00000000eed8f7a0,0x00000000eee80000)
  to   space 20992K, 0% used [0x00000000ec580000,0x00000000ec580000,0x00000000eda00000)
 ParOldGen       total 126976K, used 27840K [0x00000000a0000000, 0x00000000a7c00000, 0x00000000e0000000)
  object space 126976K, 21% used [0x00000000a0000000,0x00000000a1b301c0,0x00000000a7c00000)
 Metaspace       used 80797K, capacity 83904K, committed 84184K, reserved 1122304K
  class space    used 10833K, capacity 11475K, committed 11520K, reserved 1048576K
GC Heap History (10 events):
Event: 12.689 GC heap before
{Heap before GC invocations=13 (full 2):
 PSYoungGen      total 145920K, used 145916K [0x00000000e0000000, 0x00000000ea380000, 0x0000000100000000)
  eden space 134144K, 100% used [0x00000000e0000000,0x00000000e8300000,0x00000000e8300000)
  from space 11776K, 99% used [0x00000000e9800000,0x00000000ea37f2d0,0x00000000ea380000)
  to   space 13824K, 0% used [0x00000000e8880000,0x00000000e8880000,0x00000000e9600000)
 ParOldGen       total 89600K, used 19505K [0x00000000a0000000, 0x00000000a5780000, 0x00000000e0000000)
  object space 89600K, 21% used [0x00000000a0000000,0x00000000a130c4b8,0x00000000a5780000)
 Metaspace       used 56048K, capacity 57448K, committed 57688K, reserved 1099776K
  class space    used 7621K, capacity 7969K, committed 8064K, reserved 1048576K
Event: 12.712 GC heap after
Heap after GC invocations=13 (full 2):
 PSYoungGen      total 153600K, used 13805K [0x00000000e0000000, 0x00000000eca80000, 0x0000000100000000)
  eden space 139776K, 0% used [0x00000000e0000000,0x00000000e0000000,0x00000000e8880000)
  from space 13824K, 99% used [0x00000000e8880000,0x00000000e95fb6f0,0x00000000e9600000)
  to   space 18432K, 0% used [0x00000000eb880000,0x00000000eb880000,0x00000000eca80000)
 ParOldGen       total 89600K, used 26915K [0x00000000a0000000, 0x00000000a5780000, 0x00000000e0000000)
  object space 89600K, 30% used [0x00000000a0000000,0x00000000a1a48c58,0x00000000a5780000)
 Metaspace       used 56048K, capacity 57448K, committed 57688K, reserved 1099776K
  class space    used 7621K, capacity 7969K, committed 8064K, reserved 1048576K
}
Event: 12.842 GC heap before
{Heap before GC invocations=14 (full 2):
 PSYoungGen      total 153600K, used 27323K [0x00000000e0000000, 0x00000000eca80000, 0x0000000100000000)
  eden space 139776K, 9% used [0x00000000e0000000,0x00000000e0d33760,0x00000000e8880000)
  from space 13824K, 99% used [0x00000000e8880000,0x00000000e95fb6f0,0x00000000e9600000)
  to   space 18432K, 0% used [0x00000000eb880000,0x00000000eb880000,0x00000000eca80000)
 ParOldGen       total 89600K, used 26915K [0x00000000a0000000, 0x00000000a5780000, 0x00000000e0000000)
  object space 89600K, 30% used [0x00000000a0000000,0x00000000a1a48c58,0x00000000a5780000)
 Metaspace       used 56880K, capacity 58844K, committed 58968K, reserved 1099776K
  class space    used 7801K, capacity 8249K, committed 8320K, reserved 1048576K
Event: 12.849 GC heap after
Heap after GC invocations=14 (full 2):
 PSYoungGen      total 188416K, used 1152K [0x00000000e0000000, 0x00000000ee000000, 0x0000000100000000)
  eden space 169984K, 0% used [0x00000000e0000000,0x00000000e0000000,0x00000000ea600000)
  from space 18432K, 6% used [0x00000000eb880000,0x00000000eb9a0000,0x00000000eca80000)
  to   space 18944K, 0% used [0x00000000ea600000,0x00000000ea600000,0x00000000eb880000)
 ParOldGen       total 89600K, used 32609K [0x00000000a0000000, 0x00000000a5780000, 0x00000000e0000000)
  object space 89600K, 36% used [0x00000000a0000000,0x00000000a1fd85f0,0x00000000a5780000)
 Metaspace       used 56880K, capacity 58844K, committed 58968K, reserved 1099776K
  class space    used 7801K, capacity 8249K, committed 8320K, reserved 1048576K
}
Event: 12.849 GC heap before
{Heap before GC invocations=15 (full 3):
 PSYoungGen      total 188416K, used 1152K [0x00000000e0000000, 0x00000000ee000000, 0x0000000100000000)
  eden space 169984K, 0% used [0x00000000e0000000,0x00000000e0000000,0x00000000ea600000)
  from space 18432K, 6% used [0x00000000eb880000,0x00000000eb9a0000,0x00000000eca80000)
  to   space 18944K, 0% used [0x00000000ea600000,0x00000000ea600000,0x00000000eb880000)
 ParOldGen       total 89600K, used 32609K [0x00000000a0000000, 0x00000000a5780000, 0x00000000e0000000)
  object space 89600K, 36% used [0x00000000a0000000,0x00000000a1fd85f0,0x00000000a5780000)
 Metaspace       used 56880K, capacity 58844K, committed 58968K, reserved 1099776K
  class space    used 7801K, capacity 8249K, committed 8320K, reserved 1048576K
Event: 13.092 GC heap after
Heap after GC invocations=15 (full 3):
 PSYoungGen      total 188416K, used 0K [0x00000000e0000000, 0x00000000ee000000, 0x0000000100000000)
  eden space 169984K, 0% used [0x00000000e0000000,0x00000000e0000000,0x00000000ea600000)
  from space 18432K, 0% used [0x00000000eb880000,0x00000000eb880000,0x00000000eca80000)
  to   space 18944K, 0% used [0x00000000ea600000,0x00000000ea600000,0x00000000eb880000)
 ParOldGen       total 126976K, used 27824K [0x00000000a0000000, 0x00000000a7c00000, 0x00000000e0000000)
  object space 126976K, 21% used [0x00000000a0000000,0x00000000a1b2c1c0,0x00000000a7c00000)
 Metaspace       used 56645K, capacity 58152K, committed 58968K, reserved 1099776K
  class space    used 7729K, capacity 8121K, committed 8320K, reserved 1048576K
}
Event: 51.272 GC heap before
{Heap before GC invocations=16 (full 3):
 PSYoungGen      total 188416K, used 169984K [0x00000000e0000000, 0x00000000ee000000, 0x0000000100000000)
  eden space 169984K, 100% used [0x00000000e0000000,0x00000000ea600000,0x00000000ea600000)
  from space 18432K, 0% used [0x00000000eb880000,0x00000000eb880000,0x00000000eca80000)
  to   space 18944K, 0% used [0x00000000ea600000,0x00000000ea600000,0x00000000eb880000)
 ParOldGen       total 126976K, used 27824K [0x00000000a0000000, 0x00000000a7c00000, 0x00000000e0000000)
  object space 126976K, 21% used [0x00000000a0000000,0x00000000a1b2c1c0,0x00000000a7c00000)
 Metaspace       used 63249K, capacity 65064K, committed 65368K, reserved 1105920K
  class space    used 8348K, capacity 8773K, committed 8832K, reserved 1048576K
Event: 51.294 GC heap after
Heap after GC invocations=16 (full 3):
 PSYoungGen      total 188928K, used 14406K [0x00000000e0000000, 0x00000000ef300000, 0x0000000100000000)
  eden space 169984K, 0% used [0x00000000e0000000,0x00000000e0000000,0x00000000ea600000)
  from space 18944K, 76% used [0x00000000ea600000,0x00000000eb411a18,0x00000000eb880000)
  to   space 19968K, 0% used [0x00000000edf80000,0x00000000edf80000,0x00000000ef300000)
 ParOldGen       total 126976K, used 27832K [0x00000000a0000000, 0x00000000a7c00000, 0x00000000e0000000)
  object space 126976K, 21% used [0x00000000a0000000,0x00000000a1b2e1c0,0x00000000a7c00000)
 Metaspace       used 63249K, capacity 65064K, committed 65368K, reserved 1105920K
  class space    used 8348K, capacity 8773K, committed 8832K, reserved 1048576K
}
Event: 217.458 GC heap before
{Heap before GC invocations=17 (full 3):
 PSYoungGen      total 188928K, used 184390K [0x00000000e0000000, 0x00000000ef300000, 0x0000000100000000)
  eden space 169984K, 100% used [0x00000000e0000000,0x00000000ea600000,0x00000000ea600000)
  from space 18944K, 76% used [0x00000000ea600000,0x00000000eb411a18,0x00000000eb880000)
  to   space 19968K, 0% used [0x00000000edf80000,0x00000000edf80000,0x00000000ef300000)
 ParOldGen       total 126976K, used 27832K [0x00000000a0000000, 0x00000000a7c00000, 0x00000000e0000000)
  object space 126976K, 21% used [0x00000000a0000000,0x00000000a1b2e1c0,0x00000000a7c00000)
 Metaspace       used 69023K, capacity 71484K, committed 71640K, reserved 1112064K
  class space    used 9169K, capacity 9683K, committed 9728K, reserved 1048576K
Event: 217.480 GC heap after
Heap after GC invocations=17 (full 3):
 PSYoungGen      total 217600K, used 14397K [0x00000000e0000000, 0x00000000eee80000, 0x0000000100000000)
  eden space 202240K, 0% used [0x00000000e0000000,0x00000000e0000000,0x00000000ec580000)
  from space 15360K, 93% used [0x00000000edf80000,0x00000000eed8f7a0,0x00000000eee80000)
  to   space 20992K, 0% used [0x00000000ec580000,0x00000000ec580000,0x00000000eda00000)
 ParOldGen       total 126976K, used 27840K [0x00000000a0000000, 0x00000000a7c00000, 0x00000000e0000000)
  object space 126976K, 21% used [0x00000000a0000000,0x00000000a1b301c0,0x00000000a7c00000)
 Metaspace       used 69023K, capacity 71484K, committed 71640K, reserved 1112064K
  class space    used 9169K, capacity 9683K, committed 9728K, reserved 1048576K
}

