# JRE version: OpenJDK Runtime Environment (8.0_202-b03) (build 1.8.0_202-release-1483-b03)
# Java VM: OpenJDK 64-Bit Server VM (25.202-b03 mixed mode windows-amd64 compressed oops)
Heap:
 PSYoungGen      total 151040K, used 1120K [0x00000000e0000000, 0x00000000eb100000, 0x0000000100000000)
  eden space 139264K, 0% used [0x00000000e0000000,0x00000000e0000000,0x00000000e8800000)
  from space 11776K, 9% used [0x00000000ea580000,0x00000000ea698000,0x00000000eb100000)
  to   space 14336K, 0% used [0x00000000e9500000,0x00000000e9500000,0x00000000ea300000)
 ParOldGen       total 86528K, used 34170K [0x00000000a0000000, 0x00000000a5480000, 0x00000000e0000000)
  object space 86528K, 39% used [0x00000000a0000000,0x00000000a215ebf8,0x00000000a5480000)
 Metaspace       used 57517K, capacity 59070K, committed 59160K, reserved 1099776K
  class space    used 7818K, capacity 8224K, committed 8232K, reserved 1048576K
GC Heap History (10 events):
Event: 7.341 GC heap after
Heap after GC invocations=10 (full 1):
 PSYoungGen      total 121344K, used 10102K [0x00000000e0000000, 0x00000000eb100000, 0x0000000100000000)
  eden space 110592K, 0% used [0x00000000e0000000,0x00000000e0000000,0x00000000e6c00000)
  from space 10752K, 93% used [0x00000000e6c00000,0x00000000e75dd9f0,0x00000000e7680000)
  to   space 11776K, 0% used [0x00000000ea580000,0x00000000ea580000,0x00000000eb100000)
 ParOldGen       total 55808K, used 8457K [0x00000000a0000000, 0x00000000a3680000, 0x00000000e0000000)
  object space 55808K, 15% used [0x00000000a0000000,0x00000000a0842570,0x00000000a3680000)
 Metaspace       used 34621K, capacity 35426K, committed 35496K, reserved 1079296K
  class space    used 4788K, capacity 5006K, committed 5032K, reserved 1048576K
}
Event: 7.341 GC heap before
{Heap before GC invocations=11 (full 2):
 PSYoungGen      total 121344K, used 10102K [0x00000000e0000000, 0x00000000eb100000, 0x0000000100000000)
  eden space 110592K, 0% used [0x00000000e0000000,0x00000000e0000000,0x00000000e6c00000)
  from space 10752K, 93% used [0x00000000e6c00000,0x00000000e75dd9f0,0x00000000e7680000)
  to   space 11776K, 0% used [0x00000000ea580000,0x00000000ea580000,0x00000000eb100000)
 ParOldGen       total 55808K, used 8457K [0x00000000a0000000, 0x00000000a3680000, 0x00000000e0000000)
  object space 55808K, 15% used [0x00000000a0000000,0x00000000a0842570,0x00000000a3680000)
 Metaspace       used 34621K, capacity 35426K, committed 35496K, reserved 1079296K
  class space    used 4788K, capacity 5006K, committed 5032K, reserved 1048576K
Event: 7.435 GC heap after
Heap after GC invocations=11 (full 2):
 PSYoungGen      total 121344K, used 0K [0x00000000e0000000, 0x00000000eb100000, 0x0000000100000000)
  eden space 110592K, 0% used [0x00000000e0000000,0x00000000e0000000,0x00000000e6c00000)
  from space 10752K, 0% used [0x00000000e6c00000,0x00000000e6c00000,0x00000000e7680000)
  to   space 11776K, 0% used [0x00000000ea580000,0x00000000ea580000,0x00000000eb100000)
 ParOldGen       total 86528K, used 16838K [0x00000000a0000000, 0x00000000a5480000, 0x00000000e0000000)
  object space 86528K, 19% used [0x00000000a0000000,0x00000000a1071890,0x00000000a5480000)
 Metaspace       used 34593K, capacity 35330K, committed 35496K, reserved 1079296K
  class space    used 4779K, capacity 4990K, committed 5032K, reserved 1048576K
}
Event: 9.517 GC heap before
{Heap before GC invocations=12 (full 2):
 PSYoungGen      total 121344K, used 110592K [0x00000000e0000000, 0x00000000eb100000, 0x0000000100000000)
  eden space 110592K, 100% used [0x00000000e0000000,0x00000000e6c00000,0x00000000e6c00000)
  from space 10752K, 0% used [0x00000000e6c00000,0x00000000e6c00000,0x00000000e7680000)
  to   space 11776K, 0% used [0x00000000ea580000,0x00000000ea580000,0x00000000eb100000)
 ParOldGen       total 86528K, used 16838K [0x00000000a0000000, 0x00000000a5480000, 0x00000000e0000000)
  object space 86528K, 19% used [0x00000000a0000000,0x00000000a1071890,0x00000000a5480000)
 Metaspace       used 45355K, capacity 46398K, committed 46632K, reserved 1089536K
  class space    used 6123K, capacity 6414K, committed 6440K, reserved 1048576K
Event: 9.531 GC heap after
Heap after GC invocations=12 (full 2):
 PSYoungGen      total 151040K, used 11767K [0x00000000e0000000, 0x00000000eb100000, 0x0000000100000000)
  eden space 139264K, 0% used [0x00000000e0000000,0x00000000e0000000,0x00000000e8800000)
  from space 11776K, 99% used [0x00000000ea580000,0x00000000eb0fdcd0,0x00000000eb100000)
  to   space 14336K, 0% used [0x00000000e9500000,0x00000000e9500000,0x00000000ea300000)
 ParOldGen       total 86528K, used 19959K [0x00000000a0000000, 0x00000000a5480000, 0x00000000e0000000)
  object space 86528K, 23% used [0x00000000a0000000,0x00000000a137dd90,0x00000000a5480000)
 Metaspace       used 45355K, capacity 46398K, committed 46632K, reserved 1089536K
  class space    used 6123K, capacity 6414K, committed 6440K, reserved 1048576K
}
Event: 11.709 GC heap before
{Heap before GC invocations=13 (full 2):
 PSYoungGen      total 151040K, used 151031K [0x00000000e0000000, 0x00000000eb100000, 0x0000000100000000)
  eden space 139264K, 100% used [0x00000000e0000000,0x00000000e8800000,0x00000000e8800000)
  from space 11776K, 99% used [0x00000000ea580000,0x00000000eb0fdcd0,0x00000000eb100000)
  to   space 14336K, 0% used [0x00000000e9500000,0x00000000e9500000,0x00000000ea300000)
 ParOldGen       total 86528K, used 19959K [0x00000000a0000000, 0x00000000a5480000, 0x00000000e0000000)
  object space 86528K, 23% used [0x00000000a0000000,0x00000000a137dd90,0x00000000a5480000)
 Metaspace       used 57100K, capacity 58688K, committed 58920K, reserved 1099776K
  class space    used 7763K, capacity 8177K, committed 8232K, reserved 1048576K
Event: 11.745 GC heap after
Heap after GC invocations=13 (full 2):
 PSYoungGen      total 153600K, used 14307K [0x00000000e0000000, 0x00000000eb100000, 0x0000000100000000)
  eden space 139264K, 0% used [0x00000000e0000000,0x00000000e0000000,0x00000000e8800000)
  from space 14336K, 99% used [0x00000000e9500000,0x00000000ea2f8c10,0x00000000ea300000)
  to   space 11776K, 0% used [0x00000000ea580000,0x00000000ea580000,0x00000000eb100000)
 ParOldGen       total 86528K, used 28105K [0x00000000a0000000, 0x00000000a5480000, 0x00000000e0000000)
  object space 86528K, 32% used [0x00000000a0000000,0x00000000a1b72570,0x00000000a5480000)
 Metaspace       used 57100K, capacity 58688K, committed 58920K, reserved 1099776K
  class space    used 7763K, capacity 8177K, committed 8232K, reserved 1048576K
}
Event: 11.927 GC heap before
{Heap before GC invocations=14 (full 2):
 PSYoungGen      total 153600K, used 22524K [0x00000000e0000000, 0x00000000eb100000, 0x0000000100000000)
  eden space 139264K, 5% used [0x00000000e0000000,0x00000000e0806558,0x00000000e8800000)
  from space 14336K, 99% used [0x00000000e9500000,0x00000000ea2f8c10,0x00000000ea300000)
  to   space 11776K, 0% used [0x00000000ea580000,0x00000000ea580000,0x00000000eb100000)
 ParOldGen       total 86528K, used 28105K [0x00000000a0000000, 0x00000000a5480000, 0x00000000e0000000)
  object space 86528K, 32% used [0x00000000a0000000,0x00000000a1b72570,0x00000000a5480000)
 Metaspace       used 57517K, capacity 59070K, committed 59160K, reserved 1099776K
  class space    used 7818K, capacity 8224K, committed 8232K, reserved 1048576K
Event: 11.948 GC heap after
Heap after GC invocations=14 (full 2):
 PSYoungGen      total 151040K, used 1120K [0x00000000e0000000, 0x00000000eb100000, 0x0000000100000000)
  eden space 139264K, 0% used [0x00000000e0000000,0x00000000e0000000,0x00000000e8800000)
  from space 11776K, 9% used [0x00000000ea580000,0x00000000ea698000,0x00000000eb100000)
  to   space 14336K, 0% used [0x00000000e9500000,0x00000000e9500000,0x00000000ea300000)
 ParOldGen       total 86528K, used 34170K [0x00000000a0000000, 0x00000000a5480000, 0x00000000e0000000)
  object space 86528K, 39% used [0x00000000a0000000,0x00000000a215ebf8,0x00000000a5480000)
 Metaspace       used 57517K, capacity 59070K, committed 59160K, reserved 1099776K
  class space    used 7818K, capacity 8224K, committed 8232K, reserved 1048576K
}
Event: 11.948 GC heap before
{Heap before GC invocations=15 (full 3):
 PSYoungGen      total 151040K, used 1120K [0x00000000e0000000, 0x00000000eb100000, 0x0000000100000000)
  eden space 139264K, 0% used [0x00000000e0000000,0x00000000e0000000,0x00000000e8800000)
  from space 11776K, 9% used [0x00000000ea580000,0x00000000ea698000,0x00000000eb100000)
  to   space 14336K, 0% used [0x00000000e9500000,0x00000000e9500000,0x00000000ea300000)
 ParOldGen       total 86528K, used 34170K [0x00000000a0000000, 0x00000000a5480000, 0x00000000e0000000)
  object space 86528K, 39% used [0x00000000a0000000,0x00000000a215ebf8,0x00000000a5480000)
 Metaspace       used 57517K, capacity 59070K, committed 59160K, reserved 1099776K
  class space    used 7818K, capacity 8224K, committed 8232K, reserved 1048576K

